Started GET "/" for 127.0.0.1 at 2025-11-22 22:26:16 +0300
Processing by Rails::WelcomeController#index as HTML
  Rendering C:/Ruby32-x64/lib/ruby/gems/3.2.0/gems/railties-8.1.1/lib/rails/templates/rails/welcome/index.html.erb
  Rendered C:/Ruby32-x64/lib/ruby/gems/3.2.0/gems/railties-8.1.1/lib/rails/templates/rails/welcome/index.html.erb (Duration: 2.2ms | GC: 0.0ms)
Completed 200 OK in 252ms (Views: 92.9ms | GC: 0.0ms)


Started GET "/icon.png" for 127.0.0.1 at 2025-11-22 22:26:17 +0300
  
ActionController::RoutingError (No route matches [GET] "/icon.png"):
  
Started GET "/api-docs" for ::1 at 2025-11-22 22:28:08 +0300
Started GET "/api-docs/index.html" for ::1 at 2025-11-22 22:28:08 +0300
Started GET "/api-docs/swagger-ui-bundle.js" for ::1 at 2025-11-22 22:28:08 +0300
Started GET "/api-docs/swagger-ui.css" for ::1 at 2025-11-22 22:28:08 +0300
Started GET "/api-docs/swagger-ui-standalone-preset.js" for ::1 at 2025-11-22 22:28:08 +0300
Started GET "/api-docs/v1/swagger.yaml" for ::1 at 2025-11-22 22:28:09 +0300
Started GET "/api-docs/favicon-32x32.png" for ::1 at 2025-11-22 22:28:09 +0300
Started POST "/api/v1/analyses" for ::1 at 2025-11-22 22:58:44 +0300
Processing by Api::V1::AnalysesController#create as JSON
  Parameters: {"analysis"=>{"video_id"=>0, "user_audio_url"=>"string"}}
Completed 201 Created in 4ms (Views: 0.5ms | GC: 0.0ms)


Started GET "/api/v1/avatars" for ::1 at 2025-11-22 22:58:52 +0300
Processing by Api::V1::AvatarsController#index as JSON
Completed 200 OK in 1ms (Views: 0.2ms | GC: 0.0ms)


Started GET "/api/v1/analyses/info?id=1" for ::1 at 2025-11-22 23:14:48 +0300
Processing by Api::V1::AnalysesController#show as */*
  Parameters: {"id"=>"info"}
Completed 404 Not Found in 2ms (Views: 0.4ms | GC: 0.0ms)


Started GET "/api/v1/analyses" for ::1 at 2025-11-22 23:22:22 +0300
Processing by Api::V1::AnalysesController#index as */*
Completed 200 OK in 1ms (Views: 0.4ms | GC: 0.0ms)


Started POST "/api/v1/analyses/info" for ::1 at 2025-11-22 23:22:41 +0300
  
ActionController::RoutingError (No route matches [POST] "/api/v1/analyses/info"):
  
Started POST "/api/v1/analyses" for ::1 at 2025-11-22 23:22:49 +0300
Processing by Api::V1::AnalysesController#create as */*
  Parameters: {"name"=>"Add your name in the body", "analysis"=>{"name"=>"Add your name in the body"}}
Completed 201 Created in 5ms (Views: 0.5ms | GC: 0.0ms)


Started POST "/api/v1/analyses?=adsasd" for ::1 at 2025-11-22 23:22:58 +0300
Processing by Api::V1::AnalysesController#create as */*
  Parameters: {"name"=>"Add your name in the body", "analysis"=>{"name"=>"Add your name in the body"}}
Completed 201 Created in 4ms (Views: 0.7ms | GC: 0.0ms)


Started DELETE "/api/v1/analyses" for ::1 at 2025-11-22 23:24:09 +0300
  
ActionController::RoutingError (No route matches [DELETE] "/api/v1/analyses"):
  
Started GET "/api/v1/analyses" for ::1 at 2025-11-22 23:24:19 +0300
Processing by Api::V1::AnalysesController#index as */*
Completed 200 OK in 2ms (Views: 1.4ms | GC: 0.0ms)


Started GET "/api/v1/analyses" for ::1 at 2025-11-22 23:29:21 +0300
Processing by Api::V1::AnalysesController#index as */*
Completed 200 OK in 1ms (Views: 0.3ms | GC: 0.0ms)


Started POST "/api/v1/analyses?=&=merhaba" for ::1 at 2025-11-22 23:29:38 +0300
Processing by Api::V1::AnalysesController#create as */*
  Parameters: {"name"=>"Add your name in the body", "analysis"=>{"name"=>"Add your name in the body"}}
Completed 201 Created in 89ms (Views: 0.4ms | GC: 0.0ms)


Started GET "/api/v1/avatars" for ::1 at 2025-11-22 23:33:22 +0300
Processing by Api::V1::AvatarsController#index as JSON
Completed 200 OK in 1ms (Views: 0.3ms | GC: 0.0ms)


Started GET "/api/v1/reports/weekly" for ::1 at 2025-11-22 23:36:00 +0300
Processing by Api::V1::ReportsController#weekly as JSON
Completed 200 OK in 19ms (Views: 18.9ms | GC: 0.0ms)


Started GET "/api/v1/analyses" for ::1 at 2025-11-22 23:36:16 +0300
Processing by Api::V1::AnalysesController#index as */*
Completed 200 OK in 1ms (Views: 0.8ms | GC: 0.0ms)


Started POST "/api/v1/analyses?=&=merhaba" for ::1 at 2025-11-22 23:36:24 +0300
Processing by Api::V1::AnalysesController#create as */*
  Parameters: {"name"=>"Add your name in the body", "analysis"=>{"name"=>"Add your name in the body"}}
Completed 201 Created in 3ms (Views: 0.7ms | GC: 0.0ms)


